Waf: Entering directory `/home/harshad/projects/ndn/ns-3/build'
Waf: Leaving directory `/home/harshad/projects/ndn/ns-3/build'
'build' finished successfully (2.222s)
Reading client-0.trace
frac = 0.978137
frac = 0.782288
frac = 0.931439
frac = 0.261948
frac = 0.337157
frac = 0.646984
frac = 0.749249
frac = 0.245998
frac = 0.380172
frac = 0.906175
frac = 0.318063
frac = 0.444615
frac = 0.295195
frac = 0.075252
frac = 0.412617
frac = 0.657278
frac = 0.228303
frac = 0.144081
frac = 0.796246
frac = 0.578676
frac = 0.384561
frac = 0.037881
frac = 0.693033
frac = 0.527345
frac = 0.562836
frac = 0.259793
frac = 0.993737
frac = 0.171439
frac = 0.705323
frac = 0.052514
frac = 0.990669
frac = 0.429404
frac = 0.399476
frac = 0.711793
frac = 0.632075
frac = 0.540662
frac = 0.988449
frac = 0.108066
frac = 0.969236
frac = 0.249581
frac = 0.459849
frac = 0.527873
frac = 0.983586
frac = 0.949926
frac = 0.698130
frac = 0.238087
frac = 0.541236
frac = 0.242157
frac = 0.679366
frac = 0.933663
frac = 0.651906
frac = 0.914960
frac = 0.798825
frac = 0.349078
frac = 0.717292
frac = 0.642105
frac = 0.571535
frac = 0.254809
frac = 0.431601
frac = 0.187840
frac = 0.401959
frac = 0.218989
frac = 0.365230
frac = 0.180970
frac = 0.625640
frac = 0.347850
frac = 0.860500
frac = 0.706171
frac = 0.336867
frac = 0.015931
frac = 0.929526
frac = 0.790726
frac = 0.931933
frac = 0.679375
frac = 0.162731
frac = 0.064235
frac = 0.102025
frac = 0.061813
frac = 0.206560
frac = 0.034011
frac = 0.237869
frac = 0.541829
frac = 0.328238
frac = 0.697359
frac = 0.441609
frac = 0.851910
frac = 0.805055
frac = 0.302099
frac = 0.248033
frac = 0.395005
frac = 0.349804
frac = 0.481259
frac = 0.738856
frac = 0.886817
frac = 0.569198
frac = 0.970794
frac = 0.280920
frac = 0.142361
frac = 0.059332
frac = 0.978637
frac = 0.296301
frac = 0.817791
frac = 0.382519
frac = 0.477698
frac = 0.476492
frac = 0.137896
frac = 0.902775
frac = 0.383227
frac = 0.410300
frac = 0.233926
frac = 0.939885
frac = 0.722226
frac = 0.984937
frac = 0.064494
frac = 0.539387
frac = 0.818867
frac = 0.751608
frac = 0.159000
frac = 0.188446
frac = 0.092926
frac = 0.002779
frac = 0.055852
frac = 0.201646
frac = 0.140190
frac = 0.464860
frac = 0.738835
frac = 0.932726
frac = 0.882189
frac = 0.891994
frac = 0.558042
frac = 0.896471
frac = 0.877966
frac = 0.404678
frac = 0.861064
frac = 0.982557
frac = 0.935726
frac = 0.457560
frac = 0.394701
frac = 0.385570
frac = 0.785089
frac = 0.934082
frac = 0.494254
frac = 0.232429
frac = 0.447981
frac = 0.296095
frac = 0.951493
frac = 0.257251
frac = 0.191333
frac = 0.586954
frac = 0.061545
frac = 0.443319
frac = 0.198202
frac = 0.060048
frac = 0.773459
frac = 0.428045
frac = 0.385291
frac = 0.294484
frac = 0.687053
frac = 0.897390
frac = 0.372468
frac = 0.667490
frac = 0.740472
frac = 0.064066
frac = 0.592014
frac = 0.728676
frac = 0.135431
frac = 0.891890
frac = 0.895658
frac = 0.164305
frac = 0.278740
frac = 0.984296
frac = 0.917958
frac = 0.379279
frac = 0.029475
frac = 0.674359
frac = 0.437263
frac = 0.033884
frac = 0.562093
frac = 0.762775
frac = 0.876363
frac = 0.231786
frac = 0.358871
frac = 0.681142
frac = 0.389934
frac = 0.715940
frac = 0.858235
frac = 0.440413
frac = 0.870438
frac = 0.153382
frac = 0.237410
frac = 0.986852
frac = 0.883206
frac = 0.840246
frac = 0.191829
frac = 0.221381
frac = 0.901133
frac = 0.618973
frac = 0.035971
frac = 0.071267
frac = 0.729370
frac = 0.585741
frac = 0.810609
frac = 0.990267
frac = 0.502180
frac = 0.535793
frac = 0.592638
frac = 0.527419
frac = 0.128483
frac = 0.297022
frac = 0.839547
frac = 0.266751
frac = 0.394673
frac = 0.825851
frac = 0.285919
frac = 0.296361
frac = 0.285849
frac = 0.046764
frac = 0.225781
frac = 0.849480
frac = 0.220167
frac = 0.606864
frac = 0.611839
frac = 0.610201
frac = 0.515230
frac = 0.112976
frac = 0.826609
frac = 0.537157
frac = 0.704404
frac = 0.049155
frac = 0.141735
frac = 0.751637
frac = 0.104804
frac = 0.789829
frac = 0.791558
frac = 0.081568
frac = 0.726139
frac = 0.598332
frac = 0.201991
frac = 0.866061
frac = 0.684870
frac = 0.979743
frac = 0.827555
frac = 0.240433
frac = 0.567471
frac = 0.045783
frac = 0.560495
frac = 0.173534
frac = 0.046301
frac = 0.127460
frac = 0.378818
frac = 0.812382
frac = 0.128603
frac = 0.662760
frac = 0.132153
frac = 0.765928
frac = 0.520355
frac = 0.715405
frac = 0.404664
frac = 0.328795
frac = 0.001174
frac = 0.462997
frac = 0.710946
frac = 0.501439
frac = 0.542745
frac = 0.027106
frac = 0.730686
frac = 0.467268
frac = 0.985888
frac = 0.388350
frac = 0.944896
frac = 0.805551
frac = 0.856888
frac = 0.428418
frac = 0.206406
frac = 0.260779
frac = 0.686150
frac = 0.024161
frac = 0.424321
frac = 0.189020
frac = 0.554921
frac = 0.626585
frac = 0.186329
frac = 0.580575
frac = 0.101271
frac = 0.169281
frac = 0.120187
frac = 0.160216
frac = 0.333987
frac = 0.772324
frac = 0.418191
frac = 0.291484
frac = 0.240339
frac = 0.809262
frac = 0.433381
frac = 0.633146
frac = 0.814058
frac = 0.408415
frac = 0.964536
frac = 0.202051
frac = 0.614229
frac = 0.399980
frac = 0.391545
frac = 0.944565
frac = 0.997129
frac = 0.059333
frac = 0.750328
frac = 0.368405
frac = 0.501598
frac = 0.176177
frac = 0.575310
frac = 0.867814
frac = 0.334384
frac = 0.480262
frac = 0.447901
frac = 0.415911
frac = 0.919711
frac = 0.027253
frac = 0.753572
frac = 0.802138
frac = 0.865710
frac = 0.734283
frac = 0.912486
frac = 0.386494
frac = 0.439962
frac = 0.445983
frac = 0.405188
frac = 0.483675
frac = 0.105657
frac = 0.436096
frac = 0.417924
frac = 0.893791
frac = 0.103777
frac = 0.254832
frac = 0.937833
frac = 0.236739
frac = 0.826667
frac = 0.993724
frac = 0.330437
frac = 0.588082
frac = 0.919378
frac = 0.955620
frac = 0.409557
frac = 0.253941
frac = 0.799849
frac = 0.149935
frac = 0.754534
frac = 0.329780
frac = 0.725576
frac = 0.885378
frac = 0.130011
frac = 0.893121
frac = 0.372776
frac = 0.256600
frac = 0.990272
frac = 0.787233
frac = 0.478478
frac = 0.483537
frac = 0.453360
frac = 0.945052
frac = 0.645682
frac = 0.574349
frac = 0.422798
frac = 0.447978
frac = 0.481650
frac = 0.429171
frac = 0.255093
frac = 0.565828
frac = 0.279170
frac = 0.516350
frac = 0.318786
frac = 0.941995
frac = 0.119494
frac = 0.759000
frac = 0.994461
frac = 0.234961
frac = 0.155907
frac = 0.880961
frac = 0.212499
frac = 0.678122
frac = 0.633556
frac = 0.516312
frac = 0.199962
frac = 0.283836
frac = 0.528544
frac = 0.091857
frac = 0.246489
frac = 0.421346
frac = 0.791452
frac = 0.526553
frac = 0.261680
frac = 0.148681
frac = 0.741056
frac = 0.450364
frac = 0.326961
frac = 0.969582
frac = 0.172274
frac = 0.930773
frac = 0.732197
frac = 0.050660
frac = 0.994993
frac = 0.181246
frac = 0.831836
frac = 0.362717
frac = 0.412188
frac = 0.607275
frac = 0.230058
frac = 0.200582
frac = 0.530321
frac = 0.323521
frac = 0.615927
frac = 0.739704
frac = 0.407540
frac = 0.828339
frac = 0.812768
frac = 0.830982
frac = 0.278003
frac = 0.778415
frac = 0.281349
frac = 0.163635
frac = 0.366453
frac = 0.378579
frac = 0.483238
frac = 0.244441
frac = 0.913605
frac = 0.206383
frac = 0.445222
frac = 0.383774
frac = 0.579817
frac = 0.573385
frac = 0.588387
frac = 0.532088
frac = 0.437263
frac = 0.771218
frac = 0.839476
frac = 0.603966
frac = 0.309309
frac = 0.040136
frac = 0.574348
frac = 0.454829
frac = 0.774923
frac = 0.989167
frac = 0.782314
frac = 0.378803
frac = 0.630050
frac = 0.185670
frac = 0.085317
frac = 0.131084
frac = 0.079980
frac = 0.816930
frac = 0.647753
frac = 0.620574
frac = 0.606696
frac = 0.731819
frac = 0.050741
frac = 0.306583
frac = 0.067113
frac = 0.175950
frac = 0.135716
frac = 0.792919
frac = 0.284588
frac = 0.038728
frac = 0.565026
frac = 0.634969
frac = 0.324144
frac = 0.246002
frac = 0.185070
frac = 0.371700
frac = 0.779892
frac = 0.288386
frac = 0.928932
frac = 0.711427
frac = 0.767389
frac = 0.084886
frac = 0.745563
frac = 0.134776
frac = 0.991090
frac = 0.402263
frac = 0.382560
frac = 0.789161
frac = 0.488817
frac = 0.003704
frac = 0.724062
frac = 0.126306
frac = 0.545464
frac = 0.534705
frac = 0.616780
frac = 0.291151
frac = 0.039096
frac = 0.624936
frac = 0.622658
frac = 0.606139
frac = 0.489254
frac = 0.681763
frac = 0.584436
frac = 0.050223
frac = 0.200356
frac = 0.531765
frac = 0.361855
frac = 0.408834
frac = 0.512177
Reading client-1.trace
frac = 0.100496
frac = 0.175429
frac = 0.930963
frac = 0.526233
frac = 0.509747
frac = 0.701384
frac = 0.230584
frac = 0.105341
frac = 0.802880
frac = 0.200527
frac = 0.638435
frac = 0.153450
frac = 0.876470
frac = 0.244288
frac = 0.282230
frac = 0.057938
frac = 0.305082
frac = 0.396396
frac = 0.275670
frac = 0.430983
frac = 0.809372
frac = 0.275629
frac = 0.856291
frac = 0.606930
frac = 0.455508
frac = 0.993089
frac = 0.061580
frac = 0.279920
frac = 0.533084
frac = 0.350575
frac = 0.600672
frac = 0.542202
frac = 0.788993
frac = 0.011159
frac = 0.959061
frac = 0.537747
frac = 0.027495
frac = 0.325219
frac = 0.696954
frac = 0.442216
frac = 0.440228
frac = 0.968203
frac = 0.079338
frac = 0.099677
frac = 0.132336
frac = 0.686096
frac = 0.693461
frac = 0.638630
frac = 0.113605
frac = 0.431934
frac = 0.482534
frac = 0.165170
frac = 0.438042
frac = 0.651317
frac = 0.703562
frac = 0.305365
frac = 0.250365
frac = 0.741552
frac = 0.866995
frac = 0.150991
frac = 0.840819
frac = 0.152367
frac = 0.752384
frac = 0.741525
frac = 0.780164
frac = 0.814176
frac = 0.230525
frac = 0.950476
frac = 0.405027
frac = 0.750288
frac = 0.351632
frac = 0.856898
frac = 0.394433
frac = 0.960957
frac = 0.479978
frac = 0.643851
frac = 0.363399
frac = 0.790599
frac = 0.842672
frac = 0.996167
frac = 0.503126
frac = 0.282282
frac = 0.904833
frac = 0.111404
frac = 0.304724
frac = 0.163381
frac = 0.324033
frac = 0.284851
frac = 0.106512
frac = 0.521208
frac = 0.280834
frac = 0.886028
frac = 0.182996
frac = 0.726536
frac = 0.533164
frac = 0.922086
frac = 0.357588
frac = 0.148852
frac = 0.897439
frac = 0.278313
frac = 0.124030
frac = 0.426914
frac = 0.244055
frac = 0.395854
frac = 0.371903
frac = 0.942775
frac = 0.639609
frac = 0.430707
frac = 0.078841
frac = 0.350526
frac = 0.686519
frac = 0.407822
frac = 0.190645
frac = 0.031785
frac = 0.438466
frac = 0.185789
frac = 0.711167
frac = 0.639931
frac = 0.092548
frac = 0.134996
frac = 0.960775
frac = 0.456397
frac = 0.803607
frac = 0.705162
frac = 0.193726
frac = 0.320846
frac = 0.550575
frac = 0.509979
frac = 0.072051
frac = 0.711778
frac = 0.694496
frac = 0.889818
frac = 0.636596
frac = 0.075582
frac = 0.927103
frac = 0.282233
frac = 0.399081
frac = 0.192830
frac = 0.619165
frac = 0.037499
frac = 0.624770
frac = 0.890187
frac = 0.438270
frac = 0.301603
frac = 0.880120
frac = 0.863033
frac = 0.089633
frac = 0.028644
frac = 0.101864
frac = 0.437807
frac = 0.714534
frac = 0.232581
frac = 0.396756
frac = 0.248435
frac = 0.347569
frac = 0.728041
frac = 0.010063
frac = 0.011674
frac = 0.254247
frac = 0.968030
frac = 0.949105
frac = 0.809377
frac = 0.873262
frac = 0.241335
frac = 0.904669
frac = 0.462322
frac = 0.433705
frac = 0.664731
frac = 0.884372
frac = 0.625584
frac = 0.149102
frac = 0.473932
frac = 0.218690
frac = 0.509192
frac = 0.197643
frac = 0.762387
frac = 0.151352
frac = 0.091853
frac = 0.002246
frac = 0.077043
frac = 0.382353
frac = 0.105029
frac = 0.160634
frac = 0.392800
frac = 0.339613
frac = 0.630126
frac = 0.386134
frac = 0.399610
frac = 0.395560
frac = 0.098795
frac = 0.883965
frac = 0.530033
frac = 0.186592
frac = 0.937879
frac = 0.394907
frac = 0.154766
frac = 0.660538
frac = 0.077341
frac = 0.155982
frac = 0.428305
frac = 0.485431
frac = 0.652550
frac = 0.246152
frac = 0.509685
frac = 0.659958
frac = 0.066326
frac = 0.826474
frac = 0.491452
frac = 0.393558
frac = 0.791676
frac = 0.267119
frac = 0.362590
frac = 0.177275
frac = 0.598994
frac = 0.149776
frac = 0.344918
frac = 0.183005
frac = 0.805227
frac = 0.369794
frac = 0.418046
frac = 0.146362
frac = 0.123218
frac = 0.311120
frac = 0.936018
frac = 0.618815
frac = 0.841159
frac = 0.576689
frac = 0.731261
frac = 0.944627
frac = 0.457715
frac = 0.210911
frac = 0.431224
frac = 0.933670
frac = 0.912397
frac = 0.144353
frac = 0.693291
frac = 0.155731
frac = 0.199100
frac = 0.798099
frac = 0.456037
frac = 0.186922
frac = 0.631265
frac = 0.447535
frac = 0.279230
frac = 0.859437
frac = 0.977692
frac = 0.082669
frac = 0.396066
frac = 0.399248
frac = 0.660886
frac = 0.598766
frac = 0.417905
frac = 0.637228
frac = 0.106099
frac = 0.193273
frac = 0.059969
frac = 0.130543
frac = 0.480115
frac = 0.942614
frac = 0.729471
frac = 0.040004
frac = 0.480030
frac = 0.187849
frac = 0.859423
frac = 0.196960
frac = 0.182415
frac = 0.480187
frac = 0.543638
frac = 0.499380
frac = 0.311772
frac = 0.007177
frac = 0.856994
frac = 0.325740
frac = 0.318527
frac = 0.102848
frac = 0.366741
frac = 0.326119
frac = 0.068721
frac = 0.916032
frac = 0.462995
frac = 0.887264
frac = 0.251069
frac = 0.889972
frac = 0.483371
frac = 0.362659
frac = 0.736930
frac = 0.489077
frac = 0.692471
frac = 0.312059
frac = 0.141209
frac = 0.121369
frac = 0.311936
frac = 0.122638
frac = 0.725762
frac = 0.726726
frac = 0.545822
frac = 0.596931
frac = 0.047715
frac = 0.147677
frac = 0.474958
frac = 0.514604
frac = 0.816324
frac = 0.016487
frac = 0.473840
frac = 0.232787
frac = 0.257282
frac = 0.372299
frac = 0.137312
frac = 0.996905
frac = 0.260938
frac = 0.885096
frac = 0.367911
frac = 0.467621
frac = 0.803854
frac = 0.831000
frac = 0.357282
frac = 0.822165
frac = 0.842067
frac = 0.584390
frac = 0.110204
frac = 0.543153
frac = 0.021852
frac = 0.642254
frac = 0.837740
frac = 0.765496
frac = 0.559165
frac = 0.830382
frac = 0.184717
frac = 0.516296
frac = 0.366405
frac = 0.416355
frac = 0.097698
frac = 0.802069
frac = 0.557175
frac = 0.439423
frac = 0.236920
frac = 0.384203
frac = 0.197750
frac = 0.061806
frac = 0.743564
frac = 0.989138
frac = 0.403903
frac = 0.043454
frac = 0.176380
frac = 0.037220
frac = 0.855644
frac = 0.418181
frac = 0.608805
frac = 0.689405
frac = 0.130736
frac = 0.152362
frac = 0.598729
frac = 0.088680
frac = 0.278797
frac = 0.359576
frac = 0.432005
frac = 0.109063
frac = 0.288014
frac = 0.685764
frac = 0.466642
frac = 0.155374
frac = 0.876850
frac = 0.891721
frac = 0.453956
frac = 0.599422
frac = 0.626625
frac = 0.537813
frac = 0.385914
frac = 0.794730
frac = 0.690022
frac = 0.491113
frac = 0.634125
frac = 0.681881
frac = 0.169731
frac = 0.475844
frac = 0.198945
frac = 0.620713
frac = 0.726533
frac = 0.669317
frac = 0.876498
frac = 0.763364
frac = 0.991558
frac = 0.885968
frac = 0.513395
frac = 0.471661
frac = 0.362114
frac = 0.803440
frac = 0.665704
frac = 0.832358
frac = 0.762531
frac = 0.345993
frac = 0.447053
frac = 0.305631
frac = 0.936958
frac = 0.595145
frac = 0.628819
frac = 0.895899
frac = 0.645795
frac = 0.115240
frac = 0.530818
frac = 0.148449
frac = 0.502745
frac = 0.201868
frac = 0.882308
frac = 0.536149
frac = 0.297117
frac = 0.857638
frac = 0.165451
frac = 0.649086
frac = 0.288343
frac = 0.731394
frac = 0.417120
frac = 0.580229
frac = 0.625216
frac = 0.673224
frac = 0.893410
frac = 0.289768
frac = 0.950046
frac = 0.626434
frac = 0.198212
frac = 0.273094
frac = 0.397194
frac = 0.018857
frac = 0.438338
frac = 0.863548
frac = 0.823375
frac = 0.583483
frac = 0.554282
frac = 0.848503
frac = 0.504346
frac = 0.106593
frac = 0.434061
frac = 0.110936
frac = 0.557740
frac = 0.913511
frac = 0.329821
frac = 0.445074
frac = 0.042062
frac = 0.918555
frac = 0.512219
frac = 0.910151
frac = 0.445525
frac = 0.541103
frac = 0.457195
frac = 0.500876
frac = 0.958605
frac = 0.214982
frac = 0.770266
frac = 0.243552
frac = 0.543835
frac = 0.526775
frac = 0.218767
frac = 0.318528
frac = 0.352183
frac = 0.529822
frac = 0.867594
frac = 0.817781
frac = 0.912036
frac = 0.465241
frac = 0.961614
frac = 0.355781
frac = 0.885342
frac = 0.660717
frac = 0.843480
frac = 0.259543
frac = 0.873086
frac = 0.029667
frac = 0.571322
frac = 0.507060
frac = 0.352474
frac = 0.723365
frac = 0.523101
frac = 0.836500
frac = 0.783407
frac = 0.907985
frac = 0.193728
frac = 0.514670
frac = 0.577898
frac = 0.414541
frac = 0.484276
frac = 0.677562
frac = 0.629482
frac = 0.830400
frac = 0.524462
frac = 0.322765
frac = 0.843655
frac = 0.560236
frac = 0.739948
frac = 0.935864
frac = 0.451315
frac = 0.709072
frac = 0.132734
frac = 0.755607
frac = 0.211525
frac = 0.804394
frac = 0.527966
frac = 0.066206
frac = 0.826468
frac = 0.048233
frac = 0.086542
Reading client-2.trace
frac = 0.143608
frac = 0.342924
frac = 0.294871
frac = 0.908171
frac = 0.434821
frac = 0.401986
frac = 0.633029
frac = 0.993493
frac = 0.866370
frac = 0.601265
frac = 0.429799
frac = 0.585229
frac = 0.500117
frac = 0.462571
frac = 0.927598
frac = 0.669582
frac = 0.756362
frac = 0.478357
frac = 0.270550
frac = 0.661855
frac = 0.528667
frac = 0.590802
frac = 0.726536
frac = 0.891465
frac = 0.879186
frac = 0.911056
frac = 0.961507
frac = 0.504800
frac = 0.673003
frac = 0.117872
frac = 0.624255
frac = 0.528639
frac = 0.287376
frac = 0.459351
frac = 0.409951
frac = 0.168288
frac = 0.117461
frac = 0.163355
frac = 0.926802
frac = 0.830390
frac = 0.254797
frac = 0.633477
frac = 0.028790
frac = 0.085445
frac = 0.607823
frac = 0.537965
frac = 0.603697
frac = 0.276949
frac = 0.983132
frac = 0.866165
frac = 0.970364
frac = 0.091750
frac = 0.245640
frac = 0.248611
frac = 0.133395
frac = 0.837121
frac = 0.628634
frac = 0.287232
frac = 0.410168
frac = 0.043355
frac = 0.369613
frac = 0.582186
frac = 0.153469
frac = 0.621646
frac = 0.098842
frac = 0.125885
frac = 0.974646
frac = 0.682512
frac = 0.554659
frac = 0.750520
frac = 0.747639
frac = 0.799793
frac = 0.844252
frac = 0.329275
frac = 0.574332
frac = 0.077673
frac = 0.281183
frac = 0.245366
frac = 0.790914
frac = 0.070409
frac = 0.643002
frac = 0.937988
frac = 0.138023
frac = 0.897381
frac = 0.864365
frac = 0.244906
frac = 0.695430
frac = 0.114447
frac = 0.876302
frac = 0.299305
frac = 0.388268
frac = 0.352309
frac = 0.326564
frac = 0.306323
frac = 0.905139
frac = 0.970163
frac = 0.957288
frac = 0.396906
frac = 0.620701
frac = 0.673725
frac = 0.376452
frac = 0.364665
frac = 0.087329
frac = 0.166959
frac = 0.399091
frac = 0.959317
frac = 0.026552
frac = 0.067518
frac = 0.586970
frac = 0.712597
frac = 0.474076
frac = 0.139821
frac = 0.739925
frac = 0.821106
frac = 0.581925
frac = 0.052703
frac = 0.668947
frac = 0.387434
frac = 0.491533
frac = 0.590435
frac = 0.387906
frac = 0.015992
frac = 0.032265
frac = 0.040633
frac = 0.132686
frac = 0.536313
frac = 0.337251
frac = 0.696890
frac = 0.516921
frac = 0.013317
frac = 0.032500
frac = 0.792809
frac = 0.771675
frac = 0.537356
frac = 0.041339
frac = 0.864904
frac = 0.528571
frac = 0.806681
frac = 0.523754
frac = 0.620315
frac = 0.104442
frac = 0.665507
frac = 0.362261
frac = 0.426292
frac = 0.070066
frac = 0.170442
frac = 0.229059
frac = 0.585672
frac = 0.306400
frac = 0.764155
frac = 0.690464
frac = 0.610870
frac = 0.224549
frac = 0.582263
frac = 0.746674
frac = 0.572459
frac = 0.075992
frac = 0.042087
frac = 0.812197
frac = 0.396969
frac = 0.474794
frac = 0.215518
frac = 0.124464
frac = 0.578929
frac = 0.873693
frac = 0.353808
frac = 0.530044
frac = 0.518613
frac = 0.419352
frac = 0.975219
frac = 0.362562
frac = 0.171487
frac = 0.350031
frac = 0.254007
frac = 0.398779
frac = 0.582041
frac = 0.935310
frac = 0.745130
frac = 0.613737
frac = 0.815481
frac = 0.500124
frac = 0.739583
frac = 0.975963
frac = 0.625019
frac = 0.076093
frac = 0.956192
frac = 0.985178
frac = 0.961748
frac = 0.637826
frac = 0.278850
frac = 0.660082
frac = 0.719496
frac = 0.027993
frac = 0.046878
frac = 0.635939
frac = 0.306435
frac = 0.263525
frac = 0.994232
frac = 0.651300
frac = 0.372346
frac = 0.649203
frac = 0.204252
frac = 0.269246
frac = 0.140322
frac = 0.705992
frac = 0.518789
frac = 0.714588
frac = 0.374917
frac = 0.928220
frac = 0.459982
frac = 0.176314
frac = 0.122554
frac = 0.230777
frac = 0.781274
frac = 0.308670
frac = 0.490699
frac = 0.602442
frac = 0.172715
frac = 0.454457
frac = 0.691755
frac = 0.637768
frac = 0.416136
frac = 0.568506
frac = 0.134935
frac = 0.478873
frac = 0.638959
frac = 0.584636
frac = 0.169384
frac = 0.838109
frac = 0.709820
frac = 0.438660
frac = 0.907003
frac = 0.701586
frac = 0.417251
frac = 0.647009
frac = 0.023609
frac = 0.908080
frac = 0.035339
frac = 0.585510
frac = 0.151092
frac = 0.407561
frac = 0.439970
frac = 0.142770
frac = 0.995339
frac = 0.581291
frac = 0.437318
frac = 0.914086
frac = 0.333283
frac = 0.987245
frac = 0.452329
frac = 0.190076
frac = 0.336832
frac = 0.573717
frac = 0.525794
frac = 0.163064
frac = 0.945870
frac = 0.205224
frac = 0.612390
frac = 0.237117
frac = 0.226619
frac = 0.766963
frac = 0.076431
frac = 0.519416
frac = 0.469271
frac = 0.088313
frac = 0.869074
frac = 0.123819
frac = 0.369848
frac = 0.729232
frac = 0.767718
frac = 0.288412
frac = 0.988563
frac = 0.398756
frac = 0.591208
frac = 0.276259
frac = 0.650335
frac = 0.258883
frac = 0.140041
frac = 0.689314
frac = 0.679283
frac = 0.834470
frac = 0.850011
frac = 0.403915
frac = 0.400784
frac = 0.806826
frac = 0.650647
frac = 0.199524
frac = 0.228960
frac = 0.503452
frac = 0.366594
frac = 0.354111
frac = 0.069032
frac = 0.759149
frac = 0.628466
frac = 0.046901
frac = 0.345959
frac = 0.859996
frac = 0.479423
frac = 0.467752
frac = 0.440215
frac = 0.348977
frac = 0.923430
frac = 0.437533
frac = 0.303416
frac = 0.379236
frac = 0.606471
frac = 0.022097
frac = 0.531339
frac = 0.807242
frac = 0.283716
frac = 0.474276
frac = 0.180746
frac = 0.408023
frac = 0.852652
frac = 0.391216
frac = 0.907653
frac = 0.204584
frac = 0.546119
frac = 0.369815
frac = 0.901156
frac = 0.663452
frac = 0.727139
frac = 0.027548
frac = 0.110049
frac = 0.188716
frac = 0.214495
frac = 0.877123
frac = 0.242616
frac = 0.938472
frac = 0.371661
frac = 0.584192
frac = 0.515474
frac = 0.913933
frac = 0.847296
frac = 0.013873
frac = 0.542878
frac = 0.383668
frac = 0.430019
frac = 0.059784
frac = 0.119872
frac = 0.779647
frac = 0.270945
frac = 0.001863
frac = 0.563384
frac = 0.441543
frac = 0.492322
frac = 0.554787
frac = 0.784246
frac = 0.284274
frac = 0.422726
frac = 0.541863
frac = 0.550483
frac = 0.136116
frac = 0.644118
frac = 0.529713
frac = 0.585166
frac = 0.362560
frac = 0.038494
frac = 0.562599
frac = 0.239265
frac = 0.553937
frac = 0.298315
frac = 0.928866
frac = 0.354606
frac = 0.268819
frac = 0.678903
frac = 0.076915
frac = 0.446581
frac = 0.248333
frac = 0.730004
frac = 0.869704
frac = 0.979852
frac = 0.203785
frac = 0.721647
frac = 0.429009
frac = 0.527114
frac = 0.254936
frac = 0.210497
frac = 0.046669
frac = 0.092133
frac = 0.181067
frac = 0.636757
frac = 0.476597
frac = 0.628426
frac = 0.712839
frac = 0.189308
frac = 0.165697
frac = 0.533154
frac = 0.481228
frac = 0.925933
frac = 0.291628
frac = 0.574017
frac = 0.901561
frac = 0.506492
frac = 0.483034
frac = 0.171519
frac = 0.022523
frac = 0.274305
frac = 0.030581
frac = 0.236548
frac = 0.987900
frac = 0.152174
frac = 0.423483
frac = 0.825533
frac = 0.451327
frac = 0.560592
frac = 0.224819
frac = 0.511267
frac = 0.971255
frac = 0.836709
frac = 0.759694
frac = 0.540125
frac = 0.797668
frac = 0.817232
frac = 0.295931
frac = 0.943319
frac = 0.134384
frac = 0.540996
frac = 0.919000
frac = 0.511412
frac = 0.104714
frac = 0.778300
frac = 0.477545
frac = 0.247101
frac = 0.308524
frac = 0.552810
frac = 0.966445
frac = 0.247153
frac = 0.514597
frac = 0.392602
frac = 0.810746
frac = 0.806848
frac = 0.496544
frac = 0.522655
frac = 0.083448
frac = 0.991552
frac = 0.423945
frac = 0.631686
frac = 0.443812
frac = 0.035654
frac = 0.662202
frac = 0.670065
frac = 0.239381
frac = 0.403539
frac = 0.816051
frac = 0.434778
frac = 0.423289
frac = 0.724581
frac = 0.560875
frac = 0.044178
frac = 0.652553
frac = 0.649108
frac = 0.266595
frac = 0.190879
frac = 0.612028
frac = 0.047126
frac = 0.708767
frac = 0.543204
frac = 0.798223
frac = 0.448507
frac = 0.808972
frac = 0.485947
frac = 0.455747
frac = 0.515429
frac = 0.727624
frac = 0.786101
frac = 0.923397
frac = 0.708371
frac = 0.485997
frac = 0.615219
frac = 0.413514
frac = 0.125445
frac = 0.379117
frac = 0.559259
frac = 0.389010
frac = 0.509092
frac = 0.552958
frac = 0.541730
frac = 0.202549
frac = 0.953558
frac = 0.993129
frac = 0.110185
frac = 0.345160
frac = 0.373322
frac = 0.951076
frac = 0.801479
frac = 0.721064
frac = 0.241125
frac = 0.566288
frac = 0.022694
frac = 0.888831
frac = 0.790328
frac = 0.868401
frac = 0.204761
frac = 0.661492
frac = 0.792272
frac = 0.748450
frac = 0.233437
frac = 0.489108
frac = 0.558926
Reading client-3.trace
frac = 0.622614
frac = 0.886198
frac = 0.140569
frac = 0.523176
frac = 0.466151
frac = 0.636994
frac = 0.826879
frac = 0.283169
frac = 0.548951
frac = 0.886736
frac = 0.162092
frac = 0.558891
frac = 0.437667
frac = 0.624870
frac = 0.131391
frac = 0.325288
frac = 0.120814
frac = 0.336427
frac = 0.810335
frac = 0.694201
frac = 0.881167
frac = 0.901548
frac = 0.396077
frac = 0.824422
frac = 0.449484
frac = 0.606145
frac = 0.102829
frac = 0.169943
frac = 0.820475
frac = 0.022319
frac = 0.238784
frac = 0.837958
frac = 0.414295
frac = 0.696334
frac = 0.602840
frac = 0.205891
frac = 0.806659
frac = 0.881853
frac = 0.423512
frac = 0.856309
frac = 0.505787
frac = 0.418988
frac = 0.637466
frac = 0.298614
frac = 0.148738
frac = 0.859032
frac = 0.944280
frac = 0.822443
frac = 0.862183
frac = 0.938231
frac = 0.000347
frac = 0.126760
frac = 0.151092
frac = 0.358574
frac = 0.795248
frac = 0.336581
frac = 0.262738
frac = 0.660031
frac = 0.095906
frac = 0.522502
frac = 0.741718
frac = 0.165893
frac = 0.752835
frac = 0.608774
frac = 0.407545
frac = 0.221892
frac = 0.324363
frac = 0.225604
frac = 0.794425
frac = 0.779218
frac = 0.460889
frac = 0.979623
frac = 0.269754
frac = 0.331114
frac = 0.404745
frac = 0.641893
frac = 0.492140
frac = 0.143330
frac = 0.381514
frac = 0.162569
frac = 0.811735
frac = 0.751288
frac = 0.885952
frac = 0.915796
frac = 0.421312
frac = 0.410282
frac = 0.584621
frac = 0.737424
frac = 0.283621
frac = 0.322089
frac = 0.952704
frac = 0.022696
frac = 0.199915
frac = 0.291500
frac = 0.167383
frac = 0.509214
frac = 0.428079
frac = 0.789946
frac = 0.416779
frac = 0.596398
frac = 0.684084
frac = 0.243216
frac = 0.907449
frac = 0.362225
frac = 0.986139
frac = 0.040331
frac = 0.730342
frac = 0.813147
frac = 0.322562
frac = 0.803773
frac = 0.252168
frac = 0.464057
frac = 0.679843
frac = 0.453106
frac = 0.939559
frac = 0.926633
frac = 0.453826
frac = 0.456936
frac = 0.554308
frac = 0.313141
frac = 0.047076
frac = 0.554671
frac = 0.169023
frac = 0.106516
frac = 0.448825
frac = 0.152552
frac = 0.904889
frac = 0.659221
frac = 0.350628
frac = 0.377894
frac = 0.071254
frac = 0.570088
frac = 0.773250
frac = 0.146264
frac = 0.080830
frac = 0.534353
frac = 0.272705
frac = 0.529306
frac = 0.009987
frac = 0.062636
frac = 0.378109
frac = 0.538532
frac = 0.570077
frac = 0.669462
frac = 0.531300
frac = 0.388792
frac = 0.761583
frac = 0.881794
frac = 0.960064
frac = 0.010501
frac = 0.427365
frac = 0.327522
frac = 0.166008
frac = 0.156572
frac = 0.212463
frac = 0.820704
frac = 0.297724
frac = 0.040239
frac = 0.414559
frac = 0.571957
frac = 0.504311
frac = 0.583564
frac = 0.593896
frac = 0.740903
frac = 0.154083
frac = 0.872533
frac = 0.191853
frac = 0.496530
frac = 0.686020
frac = 0.036980
frac = 0.212354
frac = 0.129678
frac = 0.205277
frac = 0.821715
frac = 0.045480
frac = 0.502516
frac = 0.200973
frac = 0.775635
frac = 0.642026
frac = 0.097749
frac = 0.674914
frac = 0.005620
frac = 0.250558
frac = 0.111165
frac = 0.895280
frac = 0.812795
frac = 0.656046
frac = 0.056931
frac = 0.704613
frac = 0.798818
frac = 0.638104
frac = 0.771336
frac = 0.040383
frac = 0.492039
frac = 0.061872
frac = 0.883359
frac = 0.421175
frac = 0.176923
frac = 0.958203
frac = 0.859907
frac = 0.483829
frac = 0.420130
frac = 0.974561
frac = 0.002330
frac = 0.809904
frac = 0.645144
frac = 0.024185
frac = 0.315695
frac = 0.388190
frac = 0.406110
frac = 0.366674
frac = 0.674111
frac = 0.647459
frac = 0.280843
frac = 0.894654
frac = 0.501804
frac = 0.267565
frac = 0.237087
frac = 0.874650
frac = 0.413726
frac = 0.753318
frac = 0.873438
frac = 0.489103
frac = 0.263460
frac = 0.488310
frac = 0.928932
frac = 0.012531
frac = 0.136399
frac = 0.594126
frac = 0.217525
frac = 0.236967
frac = 0.514213
frac = 0.511866
frac = 0.226694
frac = 0.031685
frac = 0.681390
frac = 0.193608
frac = 0.828554
frac = 0.552191
frac = 0.399250
frac = 0.797468
frac = 0.633358
frac = 0.813057
frac = 0.249739
frac = 0.464771
frac = 0.060402
frac = 0.392800
frac = 0.168996
frac = 0.785113
frac = 0.730709
frac = 0.543447
frac = 0.461731
frac = 0.434242
frac = 0.990863
frac = 0.265123
frac = 0.083870
frac = 0.489784
frac = 0.125039
frac = 0.672374
frac = 0.274669
frac = 0.660974
frac = 0.327417
frac = 0.937870
frac = 0.285300
frac = 0.273639
frac = 0.081489
frac = 0.923975
frac = 0.504346
frac = 0.994667
frac = 0.723255
frac = 0.506572
frac = 0.188692
frac = 0.942254
frac = 0.906597
frac = 0.585711
frac = 0.839799
frac = 0.126463
frac = 0.143188
frac = 0.478314
frac = 0.531681
frac = 0.506474
frac = 0.081630
frac = 0.377701
frac = 0.386112
frac = 0.763946
frac = 0.085758
frac = 0.330615
frac = 0.534363
frac = 0.952104
frac = 0.439518
frac = 0.970358
frac = 0.991326
frac = 0.219424
frac = 0.635827
frac = 0.124272
frac = 0.632344
frac = 0.888786
frac = 0.587528
frac = 0.191258
frac = 0.415102
frac = 0.719643
frac = 0.135992
frac = 0.459333
frac = 0.057076
frac = 0.396428
frac = 0.788862
frac = 0.462343
frac = 0.546072
frac = 0.211288
frac = 0.587216
frac = 0.323043
frac = 0.546330
frac = 0.775870
frac = 0.555093
frac = 0.545639
frac = 0.632055
frac = 0.629324
frac = 0.457228
frac = 0.726223
frac = 0.325533
frac = 0.561170
frac = 0.479219
frac = 0.055342
frac = 0.791433
frac = 0.873459
frac = 0.013783
frac = 0.919441
frac = 0.572993
frac = 0.060074
frac = 0.720149
frac = 0.660563
frac = 0.286611
frac = 0.620905
frac = 0.972890
frac = 0.725362
frac = 0.738000
frac = 0.490409
frac = 0.405947
frac = 0.795503
frac = 0.454663
frac = 0.380924
frac = 0.116468
frac = 0.437732
frac = 0.975788
frac = 0.288263
frac = 0.602034
frac = 0.053863
frac = 0.741141
frac = 0.850120
frac = 0.832891
frac = 0.189024
frac = 0.987598
frac = 0.552308
frac = 0.181762
frac = 0.048339
frac = 0.973178
frac = 0.043795
frac = 0.496753
frac = 0.808180
frac = 0.011909
frac = 0.323171
frac = 0.410898
frac = 0.648157
frac = 0.223659
frac = 0.274554
frac = 0.415117
frac = 0.260111
frac = 0.670977
frac = 0.785144
frac = 0.795516
frac = 0.110079
frac = 0.579215
frac = 0.318503
frac = 0.174280
frac = 0.267212
frac = 0.353445
frac = 0.782802
frac = 0.025677
frac = 0.867296
frac = 0.243263
frac = 0.960380
frac = 0.969725
frac = 0.351022
frac = 0.878472
frac = 0.505298
frac = 0.915993
frac = 0.768554
frac = 0.604105
frac = 0.481099
frac = 0.892008
frac = 0.902720
frac = 0.753596
frac = 0.205644
frac = 0.263138
frac = 0.676425
frac = 0.066674
frac = 0.538931
frac = 0.681600
frac = 0.846513
frac = 0.417518
frac = 0.969633
frac = 0.288383
frac = 0.363079
frac = 0.774033
frac = 0.903225
frac = 0.271954
frac = 0.677101
frac = 0.095555
frac = 0.616711
frac = 0.853666
frac = 0.188139
frac = 0.713625
frac = 0.091223
frac = 0.692141
frac = 0.410281
frac = 0.111860
frac = 0.577511
frac = 0.088155
frac = 0.859707
frac = 0.712109
frac = 0.404638
frac = 0.077235
frac = 0.458191
frac = 0.773175
frac = 0.412449
frac = 0.794099
frac = 0.587631
frac = 0.189315
frac = 0.324826
frac = 0.051424
frac = 0.869649
frac = 0.699693
frac = 0.796112
frac = 0.481162
frac = 0.913114
frac = 0.112849
frac = 0.972466
frac = 0.129330
frac = 0.476470
frac = 0.555564
frac = 0.042007
frac = 0.233656
frac = 0.628194
frac = 0.730757
frac = 0.253150
frac = 0.661501
frac = 0.509736
frac = 0.657059
frac = 0.432620
frac = 0.081095
frac = 0.762255
frac = 0.184459
frac = 0.471620
frac = 0.980843
frac = 0.416754
frac = 0.966264
frac = 0.732255
frac = 0.031184
frac = 0.885197
frac = 0.585257
frac = 0.631789
frac = 0.790420
frac = 0.218778
frac = 0.245069
frac = 0.966457
frac = 0.352928
frac = 0.339344
frac = 0.474416
frac = 0.004148
frac = 0.329232
frac = 0.330034
frac = 0.699815
frac = 0.377511
frac = 0.862817
frac = 0.460320
frac = 0.073074
frac = 0.764123
frac = 0.496306
frac = 0.407865
frac = 0.034574
frac = 0.340799
frac = 0.391238
frac = 0.895661
frac = 0.956142
frac = 0.414465
frac = 0.073376
frac = 0.906221
frac = 0.945405
frac = 0.499627
frac = 0.783256
frac = 0.639349
frac = 0.449659
frac = 0.937978
frac = 0.580418
frac = 0.628813
frac = 0.810304
frac = 0.406060
frac = 0.897338
frac = 0.528275
frac = 0.636238
Reading client-4.trace
frac = 0.782318
frac = 0.744921
frac = 0.935003
frac = 0.122172
frac = 0.914082
frac = 0.283829
frac = 0.870078
frac = 0.788294
frac = 0.982820
frac = 0.394148
frac = 0.069343
frac = 0.807298
frac = 0.851615
frac = 0.948499
frac = 0.575830
frac = 0.216060
frac = 0.027463
frac = 0.383575
frac = 0.821965
frac = 0.692253
frac = 0.658298
frac = 0.874187
frac = 0.275251
frac = 0.186928
frac = 0.397484
frac = 0.911416
frac = 0.323665
frac = 0.413393
frac = 0.656581
frac = 0.911687
frac = 0.193854
frac = 0.869195
frac = 0.835714
frac = 0.166493
frac = 0.730689
frac = 0.216761
frac = 0.046775
frac = 0.470625
frac = 0.929432
frac = 0.412435
frac = 0.557888
frac = 0.207234
frac = 0.507271
frac = 0.669504
frac = 0.540185
frac = 0.270746
frac = 0.226090
frac = 0.784364
frac = 0.353180
frac = 0.850418
frac = 0.479830
frac = 0.082264
frac = 0.372560
frac = 0.675434
frac = 0.196680
frac = 0.549981
frac = 0.481207
frac = 0.906948
frac = 0.126223
frac = 0.021537
frac = 0.157672
frac = 0.278808
frac = 0.835562
frac = 0.399275
frac = 0.881193
frac = 0.627418
frac = 0.905520
frac = 0.893320
frac = 0.973338
frac = 0.005434
frac = 0.462978
frac = 0.035120
frac = 0.150781
frac = 0.388519
frac = 0.853521
frac = 0.258482
frac = 0.284072
frac = 0.557808
frac = 0.271460
frac = 0.641205
frac = 0.110861
frac = 0.852167
frac = 0.300006
frac = 0.636013
frac = 0.421437
frac = 0.204345
frac = 0.995085
frac = 0.405551
frac = 0.196634
frac = 0.063827
frac = 0.482145
frac = 0.990410
frac = 0.729308
frac = 0.829120
frac = 0.512853
frac = 0.408341
frac = 0.814841
frac = 0.287059
frac = 0.846034
frac = 0.653441
frac = 0.579406
frac = 0.085968
frac = 0.023528
frac = 0.389993
frac = 0.557185
frac = 0.272481
frac = 0.729762
frac = 0.213694
frac = 0.505453
frac = 0.945850
frac = 0.074503
frac = 0.503619
frac = 0.503863
frac = 0.548396
frac = 0.713440
frac = 0.712413
frac = 0.947223
frac = 0.679038
frac = 0.344326
frac = 0.277812
frac = 0.441179
frac = 0.642248
frac = 0.004176
frac = 0.322121
frac = 0.012590
frac = 0.342962
frac = 0.212206
frac = 0.493887
frac = 0.337108
frac = 0.720674
frac = 0.172572
frac = 0.739606
frac = 0.632766
frac = 0.808266
frac = 0.370243
frac = 0.631597
frac = 0.765856
frac = 0.009054
frac = 0.017894
frac = 0.070071
frac = 0.229533
frac = 0.506648
frac = 0.558608
frac = 0.250753
frac = 0.163368
frac = 0.966500
frac = 0.155405
frac = 0.658098
frac = 0.539193
frac = 0.785461
frac = 0.632873
frac = 0.769029
frac = 0.169616
frac = 0.779125
frac = 0.118164
frac = 0.905343
frac = 0.442805
frac = 0.005638
frac = 0.055335
frac = 0.905470
frac = 0.263412
frac = 0.230666
frac = 0.309260
frac = 0.305657
frac = 0.355678
frac = 0.155522
frac = 0.019652
frac = 0.342383
frac = 0.302774
frac = 0.825394
frac = 0.063232
frac = 0.422078
frac = 0.196701
frac = 0.456585
frac = 0.331486
frac = 0.755103
frac = 0.251101
frac = 0.965757
frac = 0.152150
frac = 0.618323
frac = 0.267257
frac = 0.785303
frac = 0.940563
frac = 0.066835
frac = 0.854445
frac = 0.346028
frac = 0.061868
frac = 0.925303
frac = 0.831920
frac = 0.127460
frac = 0.030981
frac = 0.867093
frac = 0.820774
frac = 0.686705
frac = 0.865196
frac = 0.965042
frac = 0.859697
frac = 0.323088
frac = 0.566692
frac = 0.836176
frac = 0.499243
frac = 0.448940
frac = 0.752134
frac = 0.334292
frac = 0.490502
frac = 0.295568
frac = 0.852164
frac = 0.261532
frac = 0.851005
frac = 0.537282
frac = 0.127969
frac = 0.855130
frac = 0.862601
frac = 0.401903
frac = 0.738762
frac = 0.485789
frac = 0.578896
frac = 0.207158
frac = 0.809983
frac = 0.234486
frac = 0.318915
frac = 0.676824
frac = 0.976571
frac = 0.837305
frac = 0.718554
frac = 0.770421
frac = 0.888830
frac = 0.159502
frac = 0.803432
frac = 0.638265
frac = 0.068443
frac = 0.611620
frac = 0.771393
frac = 0.890086
frac = 0.072163
frac = 0.106031
frac = 0.202200
frac = 0.974208
frac = 0.009223
frac = 0.566857
frac = 0.913564
frac = 0.281285
frac = 0.818582
frac = 0.107126
frac = 0.913001
frac = 0.940421
frac = 0.110103
frac = 0.525743
frac = 0.269239
frac = 0.544109
frac = 0.955731
frac = 0.566494
frac = 0.967666
frac = 0.581091
frac = 0.587418
frac = 0.752546
frac = 0.591075
frac = 0.218450
frac = 0.685663
frac = 0.879185
frac = 0.581708
frac = 0.623481
frac = 0.833501
frac = 0.225652
frac = 0.317260
frac = 0.990713
frac = 0.045068
frac = 0.531052
frac = 0.690292
frac = 0.352128
frac = 0.740776
frac = 0.454991
frac = 0.542888
frac = 0.336418
frac = 0.972146
frac = 0.264681
frac = 0.289333
frac = 0.468610
frac = 0.440808
frac = 0.366176
frac = 0.725502
frac = 0.307238
frac = 0.984622
frac = 0.657835
frac = 0.657659
frac = 0.463535
frac = 0.077731
frac = 0.337621
frac = 0.081326
frac = 0.922869
frac = 0.878096
frac = 0.187806
frac = 0.907536
frac = 0.509213
frac = 0.442774
frac = 0.677454
frac = 0.938351
frac = 0.629310
frac = 0.865142
frac = 0.373723
frac = 0.471758
frac = 0.752059
frac = 0.280664
frac = 0.409287
frac = 0.150625
frac = 0.582359
frac = 0.939575
frac = 0.414747
frac = 0.285138
frac = 0.718859
frac = 0.558886
frac = 0.392631
frac = 0.018152
frac = 0.620405
frac = 0.121646
frac = 0.432966
frac = 0.666994
frac = 0.724245
frac = 0.156403
frac = 0.998933
frac = 0.145046
frac = 0.342866
frac = 0.903687
frac = 0.786060
frac = 0.869280
frac = 0.320963
frac = 0.063202
frac = 0.004872
frac = 0.068792
frac = 0.746181
frac = 0.611158
frac = 0.070708
frac = 0.869999
frac = 0.058356
frac = 0.143216
frac = 0.328288
frac = 0.509847
frac = 0.593340
frac = 0.236258
frac = 0.052449
frac = 0.444715
frac = 0.202305
frac = 0.295110
frac = 0.278242
frac = 0.660323
frac = 0.168583
frac = 0.636345
frac = 0.017096
frac = 0.196035
frac = 0.308252
frac = 0.880965
frac = 0.369922
frac = 0.625504
frac = 0.934924
frac = 0.132755
frac = 0.206672
frac = 0.731361
frac = 0.584453
frac = 0.149841
frac = 0.286813
frac = 0.570268
frac = 0.235761
frac = 0.462069
frac = 0.232191
frac = 0.986954
frac = 0.588832
frac = 0.895372
frac = 0.224398
frac = 0.960293
frac = 0.790309
frac = 0.252182
frac = 0.369890
frac = 0.379287
frac = 0.500589
frac = 0.459654
frac = 0.788923
frac = 0.220352
frac = 0.382812
frac = 0.034016
frac = 0.556105
frac = 0.711110
frac = 0.985713
frac = 0.764264
frac = 0.057487
frac = 0.466561
frac = 0.569855
frac = 0.224032
frac = 0.614245
frac = 0.716704
frac = 0.563233
frac = 0.296795
frac = 0.990589
frac = 0.780620
frac = 0.065154
frac = 0.510884
frac = 0.650275
frac = 0.936892
frac = 0.245635
frac = 0.291644
frac = 0.695022
frac = 0.896900
frac = 0.161866
frac = 0.231668
frac = 0.589045
frac = 0.714408
frac = 0.618817
frac = 0.246682
frac = 0.859040
frac = 0.380148
frac = 0.948218
frac = 0.653120
frac = 0.531607
frac = 0.003755
frac = 0.394665
frac = 0.175803
frac = 0.452536
frac = 0.714719
frac = 0.097838
frac = 0.181283
frac = 0.259757
frac = 0.959037
frac = 0.985213
frac = 0.430353
frac = 0.490882
frac = 0.885127
frac = 0.883848
frac = 0.137538
frac = 0.318925
frac = 0.147537
frac = 0.192055
frac = 0.240318
frac = 0.417113
frac = 0.079322
frac = 0.136854
frac = 0.214202
frac = 0.047113
frac = 0.764400
frac = 0.976758
frac = 0.142853
frac = 0.623579
frac = 0.900466
frac = 0.184745
frac = 0.269997
frac = 0.793461
frac = 0.403922
frac = 0.145520
frac = 0.286711
frac = 0.058136
frac = 0.080461
frac = 0.428258
frac = 0.378357
frac = 0.775989
frac = 0.426400
frac = 0.267035
frac = 0.351416
frac = 0.238440
frac = 0.025724
frac = 0.992896
frac = 0.833841
frac = 0.433729
frac = 0.702934
frac = 0.224426
frac = 0.675852
frac = 0.722212
frac = 0.644490
frac = 0.304881
frac = 0.824302
frac = 0.800461
frac = 0.312851
frac = 0.922997
frac = 0.115260
frac = 0.687497
frac = 0.834310
frac = 0.055289
frac = 0.392513
frac = 0.311002
frac = 0.014255
frac = 0.201102
frac = 0.877820
frac = 0.597444
frac = 0.966195
frac = 0.229727
frac = 0.262808
frac = 0.277208
frac = 0.131499
frac = 0.484074
frac = 0.597150
frac = 0.260361
frac = 0.697052
frac = 0.113432
frac = 0.659775
frac = 0.038736
frac = 0.126120
frac = 0.163469
frac = 0.888773
frac = 0.081397
frac = 0.164577
frac = 0.516652
frac = 0.496196
frac = 0.587419
Finished
Finished
Finished
Finished
Finished
Finished
Finished
Finished
Finished
Finished
Finished
Finished
